=== HOST: date ===
Sun Dec 28 18:24:10 KST 2025

=== HOST: nvidia-smi ===
Sun Dec 28 18:24:10 2025       
+-----------------------------------------------------------------------------------------+
| NVIDIA-SMI 580.105.07             Driver Version: 581.80         CUDA Version: 13.0     |
+-----------------------------------------+------------------------+----------------------+
| GPU  Name                 Persistence-M | Bus-Id          Disp.A | Volatile Uncorr. ECC |
| Fan  Temp   Perf          Pwr:Usage/Cap |           Memory-Usage | GPU-Util  Compute M. |
|                                         |                        |               MIG M. |
|=========================================+========================+======================|
|   0  NVIDIA GeForce RTX 4080 ...    On  |   00000000:07:00.0  On |                  N/A |
| 32%   36C    P0             55W /  320W |    2627MiB /  16376MiB |      0%      Default |
|                                         |                        |                  N/A |
+-----------------------------------------+------------------------+----------------------+

+-----------------------------------------------------------------------------------------+
| Processes:                                                                              |
|  GPU   GI   CI              PID   Type   Process name                        GPU Memory |
|        ID   ID                                                               Usage      |
|=========================================================================================|
|    0   N/A  N/A              33      G   /Xwayland                             N/A      |
+-----------------------------------------------------------------------------------------+

=== HOST: docker version ===
Docker version 28.5.1, build e180ab8

=== CONTAINER: tensorrt tag ===
nvcr.io/nvidia/tensorrt:25.12-py3

=== CONTAINER: tensorrt python version ===

=====================
== NVIDIA TensorRT ==
=====================

NVIDIA Release 25.12 (build 240567770)
NVIDIA TensorRT Version 10.14.1
Copyright (c) 2016-2024, NVIDIA CORPORATION & AFFILIATES. All rights reserved.
Container image Copyright (c) 2025, NVIDIA CORPORATION & AFFILIATES. All rights reserved.

https://developer.nvidia.com/tensorrt

Various files include modifications (c) NVIDIA CORPORATION & AFFILIATES.  All rights reserved.

GOVERNING TERMS: The software and materials are governed by the NVIDIA Software License Agreement
(found at https://www.nvidia.com/en-us/agreements/enterprise-software/nvidia-software-license-agreement/)
and the Product-Specific Terms for NVIDIA AI Products
(found at https://www.nvidia.com/en-us/agreements/enterprise-software/product-specific-terms-for-ai-products/).
To install the open-source samples corresponding to this TensorRT release version
run /opt/tensorrt/install_opensource.sh.  To build the open source parsers,
plugins, and samples for current top-of-tree on master or a different branch,
run /opt/tensorrt/install_opensource.sh -b <branch>
See https://github.com/NVIDIA/TensorRT for more information.

WARNING: CUDA Minor Version Compatibility mode ENABLED.
  Using driver version 581.80 which has support for CUDA 13.0.  This container
  was built with CUDA 13.1 and will be run in Minor Version Compatibility mode.
  CUDA Forward Compatibility is preferred over Minor Version Compatibility for use
  with this container but was unavailable:
  [[]]
  See https://docs.nvidia.com/deploy/cuda-compatibility/ for details.

10.14.1.48
